2026-05-10 18:33:45,139 - customer_api - INFO - Initializing FastAPI application.
2026-05-10 13:02:08,973 - customer_api - INFO - Initializing FastAPI application.
2026-05-10 13:02:10,448 - customer_api - INFO - Initializing FastAPI application.
2026-05-10 13:02:12,053 - customer_api - INFO - Initializing FastAPI application.
2026-05-10 13:02:13,751 - customer_api - INFO - Initializing FastAPI application.
2026-05-10 13:02:15,895 - customer_api - INFO - Initializing FastAPI application.
2026-05-10 13:02:18,761 - customer_api - INFO - Initializing FastAPI application.
2026-05-10 13:02:23,207 - customer_api - INFO - Initializing FastAPI application.
2026-05-10 13:02:31,009 - customer_api - INFO - Initializing FastAPI application.
2026-05-10 13:02:45,210 - customer_api - INFO - Initializing FastAPI application.
2026-05-10 13:03:12,077 - customer_api - INFO - Initializing FastAPI application.
2026-05-10 13:04:04,554 - customer_api - INFO - Initializing FastAPI application.
2026-05-10 13:05:05,924 - customer_api - INFO - Initializing FastAPI application.
2026-05-10 13:06:07,182 - customer_api - INFO - Initializing FastAPI application.
2026-05-10 13:07:08,466 - customer_api - INFO - Initializing FastAPI application.
2026-05-10 13:08:09,741 - customer_api - INFO - Initializing FastAPI application.
2026-05-10 13:09:11,062 - customer_api - INFO - Initializing FastAPI application.
2026-05-10 13:10:12,394 - customer_api - INFO - Initializing FastAPI application.
2026-05-10 13:11:40,291 - customer_api - INFO - Initializing FastAPI application.
2026-05-10 13:11:41,856 - customer_api - INFO - Initializing FastAPI application.
2026-05-12 21:16:03,403 - customer_api - INFO - Initializing Async FastAPI application.
2026-05-12 21:16:04,205 - customer_api - INFO - Initializing Async FastAPI application.
2026-05-12 21:16:12,265 - customer_api - INFO - Received request on async root endpoint.
2026-05-12 21:16:28,503 - customer_api - INFO - Initializing database connection.
2026-05-12 21:16:28,504 - customer_api - INFO - GET /customers/count called
2026-05-12 21:16:28,504 - customer_api - INFO - Starting customers count query
2026-05-12 21:16:28,506 - customer_api - ERROR - Customers count failed: (psycopg2.OperationalError) connection to server at "localhost" (::1), port 5433 failed: Connection refused
	Is the server running on that host and accepting TCP/IP connections?
connection to server at "localhost" (127.0.0.1), port 5433 failed: Connection refused
	Is the server running on that host and accepting TCP/IP connections?

(Background on this error at: https://sqlalche.me/e/20/e3q8)
2026-05-12 21:16:28,506 - customer_api - INFO - GET /customers/count success
2026-05-12 21:16:28,507 - customer_api - INFO - Closing database connection.
